\BOOKMARK [1][-]{section.1}{INTRODUCTION}{}% 1
\BOOKMARK [1][-]{section.2}{Robot System Initial Proposal}{}% 2
\BOOKMARK [1][-]{section.3}{Manipulator Design}{}% 3
\BOOKMARK [2][-]{subsection.3.1}{Robot Arms}{section.3}% 4
\BOOKMARK [2][-]{subsection.3.2}{Robot Gripper}{section.3}% 5
\BOOKMARK [2][-]{subsection.3.3}{Entire Model}{section.3}% 6
\BOOKMARK [1][-]{section.4}{Other Components}{}% 7
\BOOKMARK [2][-]{subsection.4.1}{Motors}{section.4}% 8
\BOOKMARK [3][-]{subsubsection.4.1.1}{Inertia matching}{subsection.4.1}% 9
\BOOKMARK [3][-]{subsubsection.4.1.2}{Torque requirements}{subsection.4.1}% 10
\BOOKMARK [3][-]{subsubsection.4.1.3}{Power requirements}{subsection.4.1}% 11
\BOOKMARK [2][-]{subsection.4.2}{Sensors}{section.4}% 12
\BOOKMARK [2][-]{subsection.4.3}{Controllers}{section.4}% 13
\BOOKMARK [2][-]{subsection.4.4}{Control Methodology}{section.4}% 14
\BOOKMARK [1][-]{section.5}{Forward Kinematic}{}% 15
\BOOKMARK [1][-]{section.6}{Inverse Kinematics}{}% 16
\BOOKMARK [2][-]{subsection.6.1}{Resolving for =0}{section.6}% 17
\BOOKMARK [1][-]{section.7}{Inverse Kinematics}{}% 18
\BOOKMARK [2][-]{subsection.7.1}{First Method}{section.7}% 19
\BOOKMARK [2][-]{subsection.7.2}{Second Method}{section.7}% 20
\BOOKMARK [1][-]{section.8}{System Simulation}{}% 21
\BOOKMARK [1][-]{section.9}{Discussion and Conclusions}{}% 22
\BOOKMARK [1][-]{section*.2}{References}{}% 23
\BOOKMARK [1][-]{section*.3}{Appendix}{}% 24
